2019-12-12 19:05:55>>>>>>
<xml><ToUserName><![CDATA[gh_6007deb6e644]]></ToUserName>
<FromUserName><![CDATA[o6TPzs_GYDjk08rGqjaNyBsHBBAA]]></FromUserName>
<CreateTime>1576148446</CreateTime>
<MsgType><![CDATA[event]]></MsgType>
<Event><![CDATA[subscribe]]></Event>
<EventKey><![CDATA[]]></EventKey>
</xml>


2019-12-12 19:07:54>>>>>>
<xml><ToUserName><![CDATA[gh_6007deb6e644]]></ToUserName>
<FromUserName><![CDATA[o6TPzs_GYDjk08rGqjaNyBsHBBAA]]></FromUserName>
<CreateTime>1576148446</CreateTime>
<MsgType><![CDATA[event]]></MsgType>
<Event><![CDATA[subscribe]]></Event>
<EventKey><![CDATA[]]></EventKey>
</xml>


2019-12-12 19:08:28>>>>>>
<xml><ToUserName><![CDATA[gh_6007deb6e644]]></ToUserName>
<FromUserName><![CDATA[o6TPzs_GYDjk08rGqjaNyBsHBBAA]]></FromUserName>
<CreateTime>1576148446</CreateTime>
<MsgType><![CDATA[event]]></MsgType>
<Event><![CDATA[subscribe]]></Event>
<EventKey><![CDATA[]]></EventKey>
</xml>


2019-12-12 19:09:16>>>>>>
<xml><ToUserName><![CDATA[gh_6007deb6e644]]></ToUserName>
<FromUserName><![CDATA[o6TPzs_GYDjk08rGqjaNyBsHBBAA]]></FromUserName>
<CreateTime>1576148446</CreateTime>
<MsgType><![CDATA[event]]></MsgType>
<Event><![CDATA[subscribe]]></Event>
<EventKey><![CDATA[]]></EventKey>
</xml>


2019-12-12 19:09:55>>>>>>
<xml><ToUserName><![CDATA[gh_6007deb6e644]]></ToUserName>
<FromUserName><![CDATA[o6TPzs_GYDjk08rGqjaNyBsHBBAA]]></FromUserName>
<CreateTime>1576148446</CreateTime>
<MsgType><![CDATA[event]]></MsgType>
<Event><![CDATA[subscribe]]></Event>
<EventKey><![CDATA[]]></EventKey>
</xml>


2019-12-12 19:10:05>>>>>>
<xml><ToUserName><![CDATA[gh_6007deb6e644]]></ToUserName>
<FromUserName><![CDATA[o6TPzs_GYDjk08rGqjaNyBsHBBAA]]></FromUserName>
<CreateTime>1576148446</CreateTime>
<MsgType><![CDATA[event]]></MsgType>
<Event><![CDATA[subscribe]]></Event>
<EventKey><![CDATA[]]></EventKey>
</xml>


2019-12-12 19:14:42>>>>>>
<xml><ToUserName><![CDATA[gh_6007deb6e644]]></ToUserName>
<FromUserName><![CDATA[o6TPzs_GYDjk08rGqjaNyBsHBBAA]]></FromUserName>
<CreateTime>1576148446</CreateTime>
<MsgType><![CDATA[event]]></MsgType>
<Event><![CDATA[subscribe]]></Event>
<EventKey><![CDATA[]]></EventKey>
</xml>


2019-12-12 19:14:48>>>>>>
<xml><ToUserName><![CDATA[gh_6007deb6e644]]></ToUserName>
<FromUserName><![CDATA[o6TPzs_GYDjk08rGqjaNyBsHBBAA]]></FromUserName>
<CreateTime>1576148446</CreateTime>
<MsgType><![CDATA[event]]></MsgType>
<Event><![CDATA[subscribe]]></Event>
<EventKey><![CDATA[]]></EventKey>
</xml>


2019-12-12 19:15:57>>>>>>
<xml><ToUserName><![CDATA[gh_6007deb6e644]]></ToUserName>
<FromUserName><![CDATA[o6TPzs_GYDjk08rGqjaNyBsHBBAA]]></FromUserName>
<CreateTime>1576148446</CreateTime>
<MsgType><![CDATA[event]]></MsgType>
<Event><![CDATA[subscribe]]></Event>
<EventKey><![CDATA[]]></EventKey>
</xml>


2019-12-12 19:16:04>>>>>>
<xml><ToUserName><![CDATA[gh_6007deb6e644]]></ToUserName>
<FromUserName><![CDATA[o6TPzs_GYDjk08rGqjaNyBsHBBAA]]></FromUserName>
<CreateTime>1576148446</CreateTime>
<MsgType><![CDATA[event]]></MsgType>
<Event><![CDATA[subscribe]]></Event>
<EventKey><![CDATA[]]></EventKey>
</xml>


2019-12-12 19:17:54>>>>>>
<xml><ToUserName><![CDATA[gh_6007deb6e644]]></ToUserName>
<FromUserName><![CDATA[o6TPzs_GYDjk08rGqjaNyBsHBBAA]]></FromUserName>
<CreateTime>1576148446</CreateTime>
<MsgType><![CDATA[event]]></MsgType>
<Event><![CDATA[subscribe]]></Event>
<EventKey><![CDATA[]]></EventKey>
</xml>


2019-12-12 19:18:36>>>>>>
<xml><ToUserName><![CDATA[gh_6007deb6e644]]></ToUserName>
<FromUserName><![CDATA[o6TPzs_GYDjk08rGqjaNyBsHBBAA]]></FromUserName>
<CreateTime>1576148446</CreateTime>
<MsgType><![CDATA[event]]></MsgType>
<Event><![CDATA[subscribe]]></Event>
<EventKey><![CDATA[]]></EventKey>
</xml>


2019-12-12 19:19:20>>>>>>
<xml><ToUserName><![CDATA[gh_6007deb6e644]]></ToUserName>
<FromUserName><![CDATA[o6TPzs_GYDjk08rGqjaNyBsHBBAA]]></FromUserName>
<CreateTime>1576148446</CreateTime>
<MsgType><![CDATA[event]]></MsgType>
<Event><![CDATA[subscribe]]></Event>
<EventKey><![CDATA[]]></EventKey>
</xml>


2019-12-12 19:21:40>>>>>>
<xml><ToUserName><![CDATA[gh_6007deb6e644]]></ToUserName>
<FromUserName><![CDATA[o6TPzs_GYDjk08rGqjaNyBsHBBAA]]></FromUserName>
<CreateTime>1576148446</CreateTime>
<MsgType><![CDATA[event]]></MsgType>
<Event><![CDATA[subscribe]]></Event>
<EventKey><![CDATA[]]></EventKey>
</xml>



2019-12-12 19:25:08>>>>>>
<xml><ToUserName><![CDATA[gh_6007deb6e644]]></ToUserName>
<FromUserName><![CDATA[o6TPzs_GYDjk08rGqjaNyBsHBBAA]]></FromUserName>
<CreateTime>1576148446</CreateTime>
<MsgType><![CDATA[event]]></MsgType>
<Event><![CDATA[subscribe]]></Event>
<EventKey><![CDATA[]]></EventKey>
</xml>



2019-12-12 19:26:12>>>>>>
<xml><ToUserName><![CDATA[gh_6007deb6e644]]></ToUserName>
<FromUserName><![CDATA[o6TPzs_GYDjk08rGqjaNyBsHBBAA]]></FromUserName>
<CreateTime>1576148446</CreateTime>
<MsgType><![CDATA[event]]></MsgType>
<Event><![CDATA[subscribe]]></Event>
<EventKey><![CDATA[]]></EventKey>
</xml>

	

2019-12-12 19:27:28>>>>>>
<xml><ToUserName><![CDATA[gh_6007deb6e644]]></ToUserName>
<FromUserName><![CDATA[o6TPzs_GYDjk08rGqjaNyBsHBBAA]]></FromUserName>
<CreateTime>1576148446</CreateTime>
<MsgType><![CDATA[event]]></MsgType>
<Event><![CDATA[subscribe]]></Event>
<EventKey><![CDATA[]]></EventKey>
</xml>

	

2019-12-12 19:41:34>>>>>>
<xml><ToUserName><![CDATA[gh_6007deb6e644]]></ToUserName>
<FromUserName><![CDATA[o6TPzs_GYDjk08rGqjaNyBsHBBAA]]></FromUserName>
<CreateTime>1576148446</CreateTime>
<MsgType><![CDATA[event]]></MsgType>
<Event><![CDATA[subscribe]]></Event>
<EventKey><![CDATA[]]></EventKey>
</xml>

	

2019-12-12 19:41:39>>>>>>
<xml><ToUserName><![CDATA[gh_6007deb6e644]]></ToUserName>
<FromUserName><![CDATA[o6TPzs_GYDjk08rGqjaNyBsHBBAA]]></FromUserName>
<CreateTime>1576148446</CreateTime>
<MsgType><![CDATA[event]]></MsgType>
<Event><![CDATA[subscribe]]></Event>
<EventKey><![CDATA[]]></EventKey>
</xml>

	

2019-12-12 19:42:07>>>>>>
<xml><ToUserName><![CDATA[gh_6007deb6e644]]></ToUserName>
<FromUserName><![CDATA[o6TPzs_GYDjk08rGqjaNyBsHBBAA]]></FromUserName>
<CreateTime>1576148446</CreateTime>
<MsgType><![CDATA[event]]></MsgType>
<Event><![CDATA[subscribe]]></Event>
<EventKey><![CDATA[]]></EventKey>
</xml>

	

2019-12-12 20:07:14>>>>>>
<xml><ToUserName><![CDATA[gh_6007deb6e644]]></ToUserName>
<FromUserName><![CDATA[o6TPzs_GYDjk08rGqjaNyBsHBBAA]]></FromUserName>
<CreateTime>1576148446</CreateTime>
<MsgType><![CDATA[event]]></MsgType>
<Event><![CDATA[subscribe]]></Event>
<EventKey><![CDATA[]]></EventKey>
</xml>

	

2019-12-13 07:47:06>>>>>>
<xml><ToUserName><![CDATA[gh_6007deb6e644]]></ToUserName>
<FromUserName><![CDATA[o6TPzs_GYDjk08rGqjaNyBsHBBAA]]></FromUserName>
<CreateTime>1576148446</CreateTime>
<MsgType><![CDATA[event]]></MsgType>
<Event><![CDATA[subscribe]]></Event>
<EventKey><![CDATA[]]></EventKey>
</xml>

	

2019-12-13 08:02:38>>>>>>
<xml><ToUserName><![CDATA[gh_6007deb6e644]]></ToUserName>
<FromUserName><![CDATA[o6TPzs_GYDjk08rGqjaNyBsHBBAA]]></FromUserName>
<CreateTime>1576148446</CreateTime>
<MsgType><![CDATA[event]]></MsgType>
<Event><![CDATA[subscribe]]></Event>
<EventKey><![CDATA[]]></EventKey>
</xml>

	

2019-12-13 08:03:12>>>>>>
<xml><ToUserName><![CDATA[gh_6007deb6e644]]></ToUserName>
<FromUserName><![CDATA[o6TPzs_GYDjk08rGqjaNyBsHBBAA]]></FromUserName>
<CreateTime>1576148446</CreateTime>
<MsgType><![CDATA[event]]></MsgType>
<Event><![CDATA[subscribe]]></Event>
<EventKey><![CDATA[]]></EventKey>
</xml>

	

2019-12-13 08:03:22>>>>>>
<xml><ToUserName><![CDATA[gh_6007deb6e644]]></ToUserName>
<FromUserName><![CDATA[o6TPzs_GYDjk08rGqjaNyBsHBBAA]]></FromUserName>
<CreateTime>1576148446</CreateTime>
<MsgType><![CDATA[event]]></MsgType>
<Event><![CDATA[subscribe]]></Event>
<EventKey><![CDATA[]]></EventKey>
</xml>

	

2019-12-13 08:11:30>>>>>>
<xml><ToUserName><![CDATA[gh_6007deb6e644]]></ToUserName>
<FromUserName><![CDATA[o6TPzs_GYDjk08rGqjaNyBsHBBAA]]></FromUserName>
<CreateTime>1576148446</CreateTime>
<MsgType><![CDATA[event]]></MsgType>
<Event><![CDATA[subscribe]]></Event>
<EventKey><![CDATA[]]></EventKey>
</xml>

	

2019-12-13 08:20:19>>>>>>
<xml><ToUserName><![CDATA[gh_6007deb6e644]]></ToUserName>
<FromUserName><![CDATA[o6TPzs_GYDjk08rGqjaNyBsHBBAA]]></FromUserName>
<CreateTime>1576148446</CreateTime>
<MsgType><![CDATA[event]]></MsgType>
<Event><![CDATA[subscribe]]></Event>
<EventKey><![CDATA[]]></EventKey>
</xml>

	

2019-12-13 08:20:52>>>>>>
<xml><ToUserName><![CDATA[gh_6007deb6e644]]></ToUserName>
<FromUserName><![CDATA[o6TPzs_GYDjk08rGqjaNyBsHBBAA]]></FromUserName>
<CreateTime>1576148446</CreateTime>
<MsgType><![CDATA[event]]></MsgType>
<Event><![CDATA[subscribe]]></Event>
<EventKey><![CDATA[]]></EventKey>
</xml>

	

2019-12-13 08:21:25>>>>>>
<xml><ToUserName><![CDATA[gh_6007deb6e644]]></ToUserName>
<FromUserName><![CDATA[o6TPzs_GYDjk08rGqjaNyBsHBBAA]]></FromUserName>
<CreateTime>1576148446</CreateTime>
<MsgType><![CDATA[event]]></MsgType>
<Event><![CDATA[subscribe]]></Event>
<EventKey><![CDATA[]]></EventKey>
</xml>

	

2019-12-13 08:25:07>>>>>>
<xml><ToUserName><![CDATA[gh_6007deb6e644]]></ToUserName>
<FromUserName><![CDATA[o6TPzs_GYDjk08rGqjaNyBsHBBAA]]></FromUserName>
<CreateTime>1576148446</CreateTime>
<MsgType><![CDATA[event]]></MsgType>
<Event><![CDATA[subscribe]]></Event>
<EventKey><![CDATA[]]></EventKey>
</xml>

	

2019-12-13 08:37:00>>>>>>
<xml><ToUserName><![CDATA[gh_6007deb6e644]]></ToUserName>
<FromUserName><![CDATA[o6TPzs_GYDjk08rGqjaNyBsHBBAA]]></FromUserName>
<CreateTime>1576148446</CreateTime>
<MsgType><![CDATA[event]]></MsgType>
<Event><![CDATA[subscribe]]></Event>
<EventKey><![CDATA[]]></EventKey>
</xml>

	

2019-12-13 08:42:08>>>>>>
<xml><ToUserName><![CDATA[gh_6007deb6e644]]></ToUserName>
<FromUserName><![CDATA[o6TPzs_GYDjk08rGqjaNyBsHBBAA]]></FromUserName>
<CreateTime>1576148446</CreateTime>
<MsgType><![CDATA[event]]></MsgType>
<Event><![CDATA[subscribe]]></Event>
<EventKey><![CDATA[]]></EventKey>
</xml>

	

2019-12-13 08:44:51>>>>>>
<xml><ToUserName><![CDATA[gh_6007deb6e644]]></ToUserName>
<FromUserName><![CDATA[o6TPzs_GYDjk08rGqjaNyBsHBBAA]]></FromUserName>
<CreateTime>1576148446</CreateTime>
<MsgType><![CDATA[event]]></MsgType>
<Event><![CDATA[subscribe]]></Event>
<EventKey><![CDATA[]]></EventKey>
</xml>

	

2019-12-13 08:44:54>>>>>>
<xml><ToUserName><![CDATA[gh_6007deb6e644]]></ToUserName>
<FromUserName><![CDATA[o6TPzs_GYDjk08rGqjaNyBsHBBAA]]></FromUserName>
<CreateTime>1576148446</CreateTime>
<MsgType><![CDATA[event]]></MsgType>
<Event><![CDATA[subscribe]]></Event>
<EventKey><![CDATA[]]></EventKey>
</xml>

	

2019-12-13 08:45:45>>>>>>
<xml><ToUserName><![CDATA[gh_6007deb6e644]]></ToUserName>
<FromUserName><![CDATA[o6TPzs_GYDjk08rGqjaNyBsHBBAA]]></FromUserName>
<CreateTime>1576148446</CreateTime>
<MsgType><![CDATA[event]]></MsgType>
<Event><![CDATA[subscribe]]></Event>
<EventKey><![CDATA[]]></EventKey>
</xml>

	

2019-12-13 09:13:28>>>>>>
<xml><ToUserName><![CDATA[gh_6007deb6e644]]></ToUserName>
<FromUserName><![CDATA[o6TPzs_GYDjk08rGqjaNyBsHBBAA]]></FromUserName>
<CreateTime>1576148446</CreateTime>
<MsgType><![CDATA[event]]></MsgType>
<Event><![CDATA[subscribe]]></Event>
<EventKey><![CDATA[]]></EventKey>
</xml>

	

2019-12-13 19:48:59>>>>>>
<xml><ToUserName><![CDATA[gh_6007deb6e644]]></ToUserName>
<FromUserName><![CDATA[o6TPzs_GYDjk08rGqjaNyBsHBBAA]]></FromUserName>
<CreateTime>1576148446</CreateTime>
<MsgType><![CDATA[event]]></MsgType>
<Event><![CDATA[subscribe]]></Event>
<EventKey><![CDATA[]]></EventKey>
</xml>


2019-12-13 19:50:08>>>>>>
<xml><ToUserName><![CDATA[gh_6007deb6e644]]></ToUserName>
<FromUserName><![CDATA[o6TPzs_GYDjk08rGqjaNyBsHBBAA]]></FromUserName>
<CreateTime>1576148446</CreateTime>
<MsgType><![CDATA[event]]></MsgType>
<Event><![CDATA[subscribe]]></Event>
<EventKey><![CDATA[]]></EventKey>
</xml>


2019-12-13 19:50:29>>>>>>
<xml><ToUserName><![CDATA[gh_6007deb6e644]]></ToUserName>
<FromUserName><![CDATA[o6TPzs_GYDjk08rGqjaNyBsHBBAA]]></FromUserName>
<CreateTime>1576148446</CreateTime>
<MsgType><![CDATA[event]]></MsgType>
<Event><![CDATA[subscribe]]></Event>
<EventKey><![CDATA[]]></EventKey>
</xml>


2019-12-13 20:04:02>>>>>>
<xml><ToUserName><![CDATA[gh_6007deb6e644]]></ToUserName>
<FromUserName><![CDATA[o6TPzs_GYDjk08rGqjaNyBsHBBAA]]></FromUserName>
<CreateTime>1576148446</CreateTime>
<MsgType><![CDATA[event]]></MsgType>
<Event><![CDATA[subscribe]]></Event>
<EventKey><![CDATA[]]></EventKey>
</xml>


2019-12-13 20:04:18>>>>>>
<xml><ToUserName><![CDATA[gh_6007deb6e644]]></ToUserName>
<FromUserName><![CDATA[o6TPzs_GYDjk08rGqjaNyBsHBBAA]]></FromUserName>
<CreateTime>1576148446</CreateTime>
<MsgType><![CDATA[event]]></MsgType>
<Event><![CDATA[subscribe]]></Event>
<EventKey><![CDATA[]]></EventKey>
</xml>


2019-12-13 20:04:21>>>>>>
<xml><ToUserName><![CDATA[gh_6007deb6e644]]></ToUserName>
<FromUserName><![CDATA[o6TPzs_GYDjk08rGqjaNyBsHBBAA]]></FromUserName>
<CreateTime>1576148446</CreateTime>
<MsgType><![CDATA[event]]></MsgType>
<Event><![CDATA[subscribe]]></Event>
<EventKey><![CDATA[]]></EventKey>
</xml>


2019-12-13 20:04:47>>>>>>
<xml><ToUserName><![CDATA[gh_6007deb6e644]]></ToUserName>
<FromUserName><![CDATA[o6TPzs_GYDjk08rGqjaNyBsHBBAA]]></FromUserName>
<CreateTime>1576148446</CreateTime>
<MsgType><![CDATA[event]]></MsgType>
<Event><![CDATA[subscribe]]></Event>
<EventKey><![CDATA[]]></EventKey>
</xml>


